Server listening....
Server adopted connection #1
Server adopted connection #2
C2: Connection started at 2018-11-12 09:50:21.795811
C1: Connection started at 2018-11-12 09:50:21.772987
Server adopted connection #3
C2: STATUS_OK
C1: STATUS_OK
S: Sending InfinityWar.mp4 to C1 with IP 157.253.205.7 and port 40972
S: Sending InfinityWar.mp4 to C2 with IP 157.253.205.123 and port 52612
Server adopted connection #4
C3: Connection started at 2018-11-12 09:50:21.840898
C3: STATUS_OK
S: Sending InfinityWar.mp4 to C3 with IP 157.253.205.95 and port 54466
C4: Connection started at 2018-11-12 09:50:21.861291
Server adopted connection #5
C4: STATUS_OK
S: Sending InfinityWar.mp4 to C4 with IP 157.253.205.51 and port 48684
C5: Connection started at 2018-11-12 09:50:21.870016
Server adopted connection #6
C5: STATUS_OK
S: Sending InfinityWar.mp4 to C5 with IP 157.253.205.124 and port 33658
C6: Connection started at 2018-11-12 09:50:21.874156
Server adopted connection #7
C6: STATUS_OK
S: Sending InfinityWar.mp4 to C6 with IP 157.253.205.54 and port 45558
C7: Connection started at 2018-11-12 09:50:21.879356
Server adopted connection #8
C7: STATUS_OK
S: Sending InfinityWar.mp4 to C7 with IP 157.253.205.105 and port 33740
C8: Connection started at 2018-11-12 09:50:21.887916
C8: STATUS_OK
S: Sending InfinityWar.mp4 to C8 with IP 157.253.205.34 and port 48226
S: END_OF_FILE
S: MD5Hash 683ee13b3d8bc0d38c73d6192f835be1
C1: FILE_OK
C1: Transfered in 0:05:41.272040s
S: END_OF_FILE
S: MD5Hash 683ee13b3d8bc0d38c73d6192f835be1
S: END_OF_FILE
S: MD5Hash 683ee13b3d8bc0d38c73d6192f835be1
C4: FILE_OK
C4: Transfered in 0:05:51.638354s
S: END_OF_FILE
S: MD5Hash 683ee13b3d8bc0d38c73d6192f835be1
C2: FILE_OK
C2: Transfered in 0:05:54.016673s
C3: FILE_OK
C3: Transfered in 0:06:00.990505s
S: END_OF_FILE
S: MD5Hash 683ee13b3d8bc0d38c73d6192f835be1
C8: FILE_OK
C8: Transfered in 0:06:58.858470s
S: END_OF_FILE
S: MD5Hash 683ee13b3d8bc0d38c73d6192f835be1
C7: FILE_OK
C7: Transfered in 0:07:00.101880s
S: END_OF_FILE
S: MD5Hash 683ee13b3d8bc0d38c73d6192f835be1
S: END_OF_FILE
S: MD5Hash 683ee13b3d8bc0d38c73d6192f835be1
C5: FILE_OK
C5: Transfered in 0:07:00.540854s
C6: FILE_OK
C6: Transfered in 0:07:00.578070s
S: Transfered in 0:07:01.016067s
