Server listening....
Server adopted connection #1
C1: Connection started at 2018-11-12 13:44:34.192066
Server adopted connection #2
C1: STATUS_OK
C2: Connection started at 2018-11-12 13:44:34.208196
S: Sending InfinityWar.mp4 to C1 with IP 157.253.205.51 and port 48728
C2: STATUS_OK
S: Sending InfinityWar.mp4 to C2 with IP 157.253.205.123 and port 52660
Server adopted connection #3
C3: Connection started at 2018-11-12 13:44:34.213521
Server adopted connection #4
C3: STATUS_OK
C4: Connection started at 2018-11-12 13:44:34.217001
Server adopted connection #5
S: Sending InfinityWar.mp4 to C3 with IP 157.253.205.95 and port 54512
C5: Connection started at 2018-11-12 13:44:34.219103
C4: STATUS_OK
Server adopted connection #6
S: Sending InfinityWar.mp4 to C4 with IP 157.253.205.105 and port 33802
C5: STATUS_OK
S: Sending InfinityWar.mp4 to C5 with IP 157.253.205.7 and port 41014
C6: Connection started at 2018-11-12 13:44:34.242919
Server adopted connection #7
C6: STATUS_OK
S: Sending InfinityWar.mp4 to C6 with IP 157.253.205.124 and port 33704
C7: Connection started at 2018-11-12 13:44:34.249353
Server adopted connection #8
C8: Connection started at 2018-11-12 13:44:34.261857
C7: STATUS_OK
C8: STATUS_OK
S: Sending InfinityWar.mp4 to C7 with IP 157.253.205.54 and port 45600
S: Sending InfinityWar.mp4 to C8 with IP 157.253.205.34 and port 48266
S: END_OF_FILE
S: MD5Hash 683ee13b3d8bc0d38c73d6192f835be1
C3: FILE_OK
C3: Transfered in 0:04:07.069803s
S: END_OF_FILE
S: MD5Hash 683ee13b3d8bc0d38c73d6192f835be1
C2: FILE_OK
C2: Transfered in 0:04:12.349530s
S: END_OF_FILE
S: MD5Hash 683ee13b3d8bc0d38c73d6192f835be1
C1: FILE_OK
C1: Transfered in 0:04:17.714304s
S: END_OF_FILE
S: MD5Hash 683ee13b3d8bc0d38c73d6192f835be1
C5: FILE_OK
C5: Transfered in 0:04:31.448948s
S: END_OF_FILE
S: MD5Hash 683ee13b3d8bc0d38c73d6192f835be1
S: END_OF_FILE
S: MD5Hash 683ee13b3d8bc0d38c73d6192f835be1
C6: FILE_OK
C6: Transfered in 0:07:48.579080s
C4: FILE_OK
C4: Transfered in 0:07:50.431651s
S: END_OF_FILE
S: MD5Hash 683ee13b3d8bc0d38c73d6192f835be1
C7: FILE_OK
C7: Transfered in 0:07:56.257682s
S: END_OF_FILE
S: MD5Hash 683ee13b3d8bc0d38c73d6192f835be1
C8: FILE_OK
C8: Transfered in 0:07:57.348541s
S: Transfered in 0:07:57.466748s
