Server listening....
Server adopted connection #1
Server adopted connection #2
C1: Connection started at 2018-11-12 22:02:50.874426
C2: Connection started at 2018-11-12 22:02:50.892643
C1: STATUS_OK
C2: STATUS_OK
S: Sending InfinityWar.mp4 to C2 with IP 157.253.205.51 and port 48854
S: Sending InfinityWar.mp4 to C1 with IP 157.253.205.54 and port 45706
Server adopted connection #3
C3: Connection started at 2018-11-12 22:02:50.915877
Server adopted connection #4
C4: Connection started at 2018-11-12 22:02:50.919004
Server adopted connection #5
C3: STATUS_OK
C4: STATUS_OK
S: Sending InfinityWar.mp4 to C4 with IP 157.253.205.7 and port 41144
C5: Connection started at 2018-11-12 22:02:50.935310
Server adopted connection #6
C5: STATUS_OK
S: Sending InfinityWar.mp4 to C3 with IP 157.253.205.95 and port 54640
Server adopted connection #7
C6: Connection started at 2018-11-12 22:02:50.937103
S: Sending InfinityWar.mp4 to C5 with IP 157.253.205.123 and port 52786
C6: STATUS_OK
S: Sending InfinityWar.mp4 to C6 with IP 157.253.205.124 and port 33796
C7: Connection started at 2018-11-12 22:02:50.944202
Server adopted connection #8
C7: STATUS_OK
S: Sending InfinityWar.mp4 to C7 with IP 157.253.205.105 and port 33894
C8: Connection started at 2018-11-12 22:02:50.953495
Server adopted connection #9
C8: STATUS_OK
S: Sending InfinityWar.mp4 to C8 with IP 157.253.205.34 and port 48380
C9: Connection started at 2018-11-12 22:02:50.978157
C9: STATUS_OK
S: Sending InfinityWar.mp4 to C9 with IP 157.253.205.78 and port 52740
S: END_OF_FILE
S: MD5Hash 683ee13b3d8bc0d38c73d6192f835be1
C2: FILE_OK
C2: Transfered in 0:05:58.554818s
S: END_OF_FILE
S: MD5Hash 683ee13b3d8bc0d38c73d6192f835be1
C5: FILE_OK
C5: Transfered in 0:06:03.587877s
S: END_OF_FILE
S: MD5Hash 683ee13b3d8bc0d38c73d6192f835be1
C3: FILE_OK
C3: Transfered in 0:06:04.836709s
S: END_OF_FILE
S: MD5Hash 683ee13b3d8bc0d38c73d6192f835be1
C4: FILE_OK
C4: Transfered in 0:06:12.217004s
S: END_OF_FILE
S: MD5Hash 683ee13b3d8bc0d38c73d6192f835be1
C8: FILE_OK
C8: Transfered in 0:09:24.229182s
S: END_OF_FILE
S: MD5Hash 683ee13b3d8bc0d38c73d6192f835be1
C9: FILE_OK
C9: Transfered in 0:09:31.266987s
S: END_OF_FILE
S: MD5Hash 683ee13b3d8bc0d38c73d6192f835be1
C1: FILE_OK
C1: Transfered in 0:09:32.947352s
S: END_OF_FILE
S: MD5Hash 683ee13b3d8bc0d38c73d6192f835be1
C6: FILE_OK
C6: Transfered in 0:09:36.857482s
S: END_OF_FILE
S: MD5Hash 683ee13b3d8bc0d38c73d6192f835be1
C7: FILE_OK
C7: Transfered in 0:09:39.683116s
S: Transfered in 0:09:39.848444s
