Server listening....
Server adopted connection #1
C1: Connection started at 2018-11-12 16:22:55.232332
Server adopted connection #2
C1: STATUS_OK
C2: Connection started at 2018-11-12 16:22:55.233453
S: Sending InfinityWar.mp4 to C1 with IP 157.253.205.95 and port 54546
Server adopted connection #3
C2: STATUS_OK
S: Sending InfinityWar.mp4 to C2 with IP 157.253.205.123 and port 52696
C3: Connection started at 2018-11-12 16:22:55.244420
Server adopted connection #4
C3: STATUS_OK
S: Sending InfinityWar.mp4 to C3 with IP 157.253.205.51 and port 48764
C4: Connection started at 2018-11-12 16:22:55.260713
Server adopted connection #5
C4: STATUS_OK
S: Sending InfinityWar.mp4 to C4 with IP 157.253.205.7 and port 41050
C5: Connection started at 2018-11-12 16:22:55.270971
Server adopted connection #6
C5: STATUS_OK
S: Sending InfinityWar.mp4 to C5 with IP 157.253.205.124 and port 33738
C6: Connection started at 2018-11-12 16:22:55.275717
C6: STATUS_OK
S: Sending InfinityWar.mp4 to C6 with IP 157.253.205.105 and port 33838
Server adopted connection #7
C7: Connection started at 2018-11-12 16:22:55.396242
Server adopted connection #8
C7: STATUS_OK
S: Sending InfinityWar.mp4 to C7 with IP 157.253.205.54 and port 45654
C8: Connection started at 2018-11-12 16:22:55.397303
C8: STATUS_OK
S: Sending InfinityWar.mp4 to C8 with IP 157.253.205.34 and port 48308
S: END_OF_FILE
S: MD5Hash 683ee13b3d8bc0d38c73d6192f835be1
C1: FILE_OK
C1: Transfered in 0:04:18.869612s
S: END_OF_FILE
S: MD5Hash 683ee13b3d8bc0d38c73d6192f835be1
C3: FILE_OK
C3: Transfered in 0:04:24.458184s
S: END_OF_FILE
S: MD5Hash 683ee13b3d8bc0d38c73d6192f835be1
C2: FILE_OK
C2: Transfered in 0:04:34.228807s
S: END_OF_FILE
S: MD5Hash 683ee13b3d8bc0d38c73d6192f835be1
C4: FILE_OK
C4: Transfered in 0:04:46.635555s
S: END_OF_FILE
S: MD5Hash 683ee13b3d8bc0d38c73d6192f835be1
C6: FILE_OK
C6: Transfered in 0:08:10.923528s
S: END_OF_FILE
S: MD5Hash 683ee13b3d8bc0d38c73d6192f835be1
C8: FILE_OK
C8: Transfered in 0:08:20.001924s
S: END_OF_FILE
S: MD5Hash 683ee13b3d8bc0d38c73d6192f835be1
C5: FILE_OK
C5: Transfered in 0:08:20.353158s
S: END_OF_FILE
S: MD5Hash 683ee13b3d8bc0d38c73d6192f835be1
C7: FILE_OK
C7: Transfered in 0:08:35.060876s
S: Transfered in 0:08:35.229296s
