Server listening....
Server adopted connection #1
Server adopted connection #2
C1: Connection started at 2018-11-09 07:05:53.419745
C2: Connection started at 2018-11-09 07:05:53.495155
C1: STATUS_OK
C2: STATUS_OK
S: Sending InfinityWar.mp4 to C1 with IP 157.253.205.95 and port 54350
Server adopted connection #3
S: Sending InfinityWar.mp4 to C2 with IP 157.253.205.123 and port 52498
C3: Connection started at 2018-11-09 07:05:53.575573
C3: STATUS_OK
S: Sending InfinityWar.mp4 to C3 with IP 157.253.205.51 and port 48496
S: END_OF_FILE
S: MD5Hash 683ee13b3d8bc0d38c73d6192f835be1
C3: FILE_OK
C3: Transfered in 0:00:59.848268s
S: END_OF_FILE
S: MD5Hash 683ee13b3d8bc0d38c73d6192f835be1
C2: FILE_OK
C2: Transfered in 0:04:08.491848s
S: END_OF_FILE
S: MD5Hash 683ee13b3d8bc0d38c73d6192f835be1
C1: FILE_OK
C1: Transfered in 0:04:45.439542s
S: Transfered in 0:04:45.797428s
