Server listening....
Server adopted connection #1
C1: Connection started at 2018-11-15 14:43:00.666297
Server adopted connection #2
C1: STATUS_OK
S: Sending InfinityWar.mp4 to C1 with IP 157.253.205.12 and port 50248
C2: Connection started at 2018-11-15 14:43:00.685953
Server adopted connection #3
C2: STATUS_OK
S: Sending InfinityWar.mp4 to C2 with IP 157.253.205.25 and port 62341
Server adopted connection #4
C3: Connection started at 2018-11-15 14:43:01.480179
C3: STATUS_OK
S: Sending InfinityWar.mp4 to C3 with IP 157.253.205.35 and port 51068
C4: Connection started at 2018-11-15 14:43:01.482975
Server adopted connection #5
C5: Connection started at 2018-11-15 14:43:01.509200
Server adopted connection #6
C5: STATUS_OK
S: Sending InfinityWar.mp4 to C5 with IP 157.253.205.38 and port 50203
C4: STATUS_OK
C6: Connection started at 2018-11-15 14:43:01.514571
S: Sending InfinityWar.mp4 to C4 with IP 157.253.205.47 and port 50372
Server adopted connection #7
C6: STATUS_OK
S: Sending InfinityWar.mp4 to C6 with IP 157.253.205.16 and port 50249
Server adopted connection #8
C7: Connection started at 2018-11-15 14:43:01.527180
C8: Connection started at 2018-11-15 14:43:01.528340
C8: STATUS_OK
S: Sending InfinityWar.mp4 to C8 with IP 157.253.205.14 and port 64955
C7: STATUS_OK
Server adopted connection #9
S: Sending InfinityWar.mp4 to C7 with IP 157.253.205.15 and port 50670
C9: Connection started at 2018-11-15 14:43:01.544219
Server adopted connection #10
C9: STATUS_OK
C10: Connection started at 2018-11-15 14:43:01.550547
S: Sending InfinityWar.mp4 to C9 with IP 157.253.205.13 and port 52009
C10: STATUS_OK
S: Sending InfinityWar.mp4 to C10 with IP 157.253.205.46 and port 50618
S: END_OF_FILE
S: MD5Hash 683ee13b3d8bc0d38c73d6192f835be1
C10: FILE_OK
C10: Transfered in 0:05:57.212569s
S: END_OF_FILE
S: MD5Hash 683ee13b3d8bc0d38c73d6192f835be1
C2: FILE_OK
C2: Transfered in 0:05:58.501271s
S: END_OF_FILE
S: MD5Hash 683ee13b3d8bc0d38c73d6192f835be1
C3: FILE_OK
C3: Transfered in 0:06:05.095597s
S: END_OF_FILE
S: MD5Hash 683ee13b3d8bc0d38c73d6192f835be1
C4: FILE_OK
C4: Transfered in 0:06:09.875539s
S: END_OF_FILE
S: MD5Hash 683ee13b3d8bc0d38c73d6192f835be1
C1: FILE_OK
C1: Transfered in 0:06:38.966332s
S: END_OF_FILE
S: MD5Hash 683ee13b3d8bc0d38c73d6192f835be1
C5: FILE_OK
C5: Transfered in 0:06:40.269328s
S: END_OF_FILE
S: MD5Hash 683ee13b3d8bc0d38c73d6192f835be1
S: END_OF_FILE
S: MD5Hash 683ee13b3d8bc0d38c73d6192f835be1
C9: FILE_OK
C9: Transfered in 0:06:43.084486s
C8: FILE_OK
C8: Transfered in 0:06:43.144115s
S: END_OF_FILE
S: MD5Hash 683ee13b3d8bc0d38c73d6192f835be1
C7: FILE_OK
C7: Transfered in 0:06:43.269652s
S: END_OF_FILE
S: MD5Hash 683ee13b3d8bc0d38c73d6192f835be1
C6: FILE_OK
C6: Transfered in 0:06:43.461563s
S: Transfered in 0:06:44.339769s
