Server listening....
Server adopted connection #1
Server adopted connection #2
C1: Connection started at 2018-11-12 14:18:42.598128
C2: Connection started at 2018-11-12 14:18:42.637752
C1: STATUS_OK
Server adopted connection #3
S: Sending InfinityWar.mp4 to C1 with IP 157.253.205.95 and port 54520
C3: Connection started at 2018-11-12 14:18:42.679359
Server adopted connection #4
C2: STATUS_OK
S: Sending InfinityWar.mp4 to C2 with IP 157.253.205.51 and port 48738
C3: STATUS_OK
S: Sending InfinityWar.mp4 to C3 with IP 157.253.205.7 and port 41024
Server adopted connection #5
C4: Connection started at 2018-11-12 14:18:42.709463
C5: Connection started at 2018-11-12 14:18:42.717881
Server adopted connection #6
C4: STATUS_OK
C5: STATUS_OK
S: Sending InfinityWar.mp4 to C4 with IP 157.253.205.123 and port 52670
S: Sending InfinityWar.mp4 to C5 with IP 157.253.205.105 and port 33812
C6: Connection started at 2018-11-12 14:18:42.725379
Server adopted connection #7
C6: STATUS_OK
S: Sending InfinityWar.mp4 to C6 with IP 157.253.205.124 and port 33712
C7: Connection started at 2018-11-12 14:18:42.736013
C7: STATUS_OK
Server adopted connection #8
S: Sending InfinityWar.mp4 to C7 with IP 157.253.205.54 and port 45628
C8: Connection started at 2018-11-12 14:18:42.751371
C8: STATUS_OK
S: Sending InfinityWar.mp4 to C8 with IP 157.253.205.34 and port 48276
S: END_OF_FILE
S: MD5Hash 683ee13b3d8bc0d38c73d6192f835be1
C2: FILE_OK
C2: Transfered in 0:04:15.710129s
S: END_OF_FILE
S: MD5Hash 683ee13b3d8bc0d38c73d6192f835be1
C3: FILE_OK
C3: Transfered in 0:04:18.490149s
S: END_OF_FILE
S: MD5Hash 683ee13b3d8bc0d38c73d6192f835be1
C4: FILE_OK
C4: Transfered in 0:04:19.510916s
S: END_OF_FILE
S: MD5Hash 683ee13b3d8bc0d38c73d6192f835be1
C1: FILE_OK
C1: Transfered in 0:04:22.071803s
S: END_OF_FILE
S: MD5Hash 683ee13b3d8bc0d38c73d6192f835be1
C8: FILE_OK
C8: Transfered in 0:07:29.911979s
S: END_OF_FILE
S: MD5Hash 683ee13b3d8bc0d38c73d6192f835be1
C6: FILE_OK
C6: Transfered in 0:07:31.823421s
S: END_OF_FILE
S: MD5Hash 683ee13b3d8bc0d38c73d6192f835be1
C7: FILE_OK
C7: Transfered in 0:07:33.106031s
S: END_OF_FILE
S: MD5Hash 683ee13b3d8bc0d38c73d6192f835be1
C5: FILE_OK
C5: Transfered in 0:07:37.641545s
S: Transfered in 0:07:37.855793s
