Server listening....
Server adopted connection #1
C1: Connection started at 2018-11-15 07:42:17.678776
C1: STATUS_OK
Server adopted connection #2
S: Sending InfinityWar.mp4 to C1 with IP 157.253.205.12 and port 50196
C2: Connection started at 2018-11-15 07:42:17.731013
Server adopted connection #3
C2: STATUS_OK
S: Sending InfinityWar.mp4 to C2 with IP 157.253.205.35 and port 51036
C3: Connection started at 2018-11-15 07:42:20.789930
Server adopted connection #4
C3: STATUS_OK
S: Sending InfinityWar.mp4 to C3 with IP 157.253.205.47 and port 50271
Server adopted connection #5
C4: Connection started at 2018-11-15 07:42:20.794263
C4: STATUS_OK
Server adopted connection #6
C5: Connection started at 2018-11-15 07:42:20.795596
S: Sending InfinityWar.mp4 to C4 with IP 157.253.205.38 and port 50123
C6: Connection started at 2018-11-15 07:42:20.796936
C6: STATUS_OK
Server adopted connection #7
S: Sending InfinityWar.mp4 to C6 with IP 157.253.205.15 and port 50542
C7: Connection started at 2018-11-15 07:42:20.798661
Server adopted connection #8
C7: STATUS_OK
C5: STATUS_OK
S: Sending InfinityWar.mp4 to C5 with IP 157.253.205.16 and port 50196
S: Sending InfinityWar.mp4 to C7 with IP 157.253.205.13 and port 51955
Server adopted connection #9
C8: Connection started at 2018-11-15 07:42:20.821199
C8: STATUS_OK
Server adopted connection #10
S: Sending InfinityWar.mp4 to C8 with IP 157.253.205.46 and port 50507
C9: Connection started at 2018-11-15 07:42:20.830016
C9: STATUS_OK
C10: Connection started at 2018-11-15 07:42:20.831046
S: Sending InfinityWar.mp4 to C9 with IP 157.253.205.14 and port 64881
C10: STATUS_OK
S: Sending InfinityWar.mp4 to C10 with IP 157.253.205.25 and port 53940
S: END_OF_FILE
S: MD5Hash 683ee13b3d8bc0d38c73d6192f835be1
C6: FILE_OK
C6: Transfered in 0:05:22.176853s
S: END_OF_FILE
S: MD5Hash 683ee13b3d8bc0d38c73d6192f835be1
C10: FILE_OK
C10: Transfered in 0:06:12.207349s
S: END_OF_FILE
S: MD5Hash 683ee13b3d8bc0d38c73d6192f835be1
C2: FILE_OK
C2: Transfered in 0:06:36.275547s
S: END_OF_FILE
S: MD5Hash 683ee13b3d8bc0d38c73d6192f835be1
C4: FILE_OK
C4: Transfered in 0:06:43.787556s
S: END_OF_FILE
S: MD5Hash 683ee13b3d8bc0d38c73d6192f835be1
C7: FILE_OK
C7: Transfered in 0:06:55.216098s
S: END_OF_FILE
S: MD5Hash 683ee13b3d8bc0d38c73d6192f835be1
C9: FILE_OK
C9: Transfered in 0:06:57.470821s
S: END_OF_FILE
S: MD5Hash 683ee13b3d8bc0d38c73d6192f835be1
C3: FILE_OK
C3: Transfered in 0:06:58.457031s
S: END_OF_FILE
S: MD5Hash 683ee13b3d8bc0d38c73d6192f835be1
C8: FILE_OK
C8: Transfered in 0:06:58.526321s
S: END_OF_FILE
S: MD5Hash 683ee13b3d8bc0d38c73d6192f835be1
C1: FILE_OK
C1: Transfered in 0:07:03.384961s
S: END_OF_FILE
S: MD5Hash 683ee13b3d8bc0d38c73d6192f835be1
C5: FILE_OK
C5: Transfered in 0:07:01.091565s
S: Transfered in 0:07:04.342123s
