Server listening....
Server adopted connection #1
Server adopted connection #2
C1: Connection started at 2018-11-12 16:52:17.980325
C2: Connection started at 2018-11-12 16:52:18.071679
C2: STATUS_OK
C1: STATUS_OK
Server adopted connection #3
S: Sending InfinityWar.mp4 to C1 with IP 157.253.205.51 and port 48770
S: Sending InfinityWar.mp4 to C2 with IP 157.253.205.95 and port 54552
C3: Connection started at 2018-11-12 16:52:18.101733
Server adopted connection #4
C3: STATUS_OK
S: Sending InfinityWar.mp4 to C3 with IP 157.253.205.7 and port 41056
C4: Connection started at 2018-11-12 16:52:18.139727
C4: STATUS_OK
S: Sending InfinityWar.mp4 to C4 with IP 157.253.205.54 and port 45660
Server adopted connection #5
C5: Connection started at 2018-11-12 16:52:18.154104
Server adopted connection #6
C6: Connection started at 2018-11-12 16:52:18.178677
C5: STATUS_OK
Server adopted connection #7
C6: STATUS_OK
S: Sending InfinityWar.mp4 to C6 with IP 157.253.205.105 and port 33844
C7: Connection started at 2018-11-12 16:52:18.179632
Server adopted connection #8
C7: STATUS_OK
S: Sending InfinityWar.mp4 to C7 with IP 157.253.205.124 and port 33744
S: Sending InfinityWar.mp4 to C5 with IP 157.253.205.123 and port 52702
C8: Connection started at 2018-11-12 16:52:18.201677
C8: STATUS_OK
S: Sending InfinityWar.mp4 to C8 with IP 157.253.205.34 and port 48314
S: END_OF_FILE
S: MD5Hash 683ee13b3d8bc0d38c73d6192f835be1
C3: FILE_OK
C3: Transfered in 0:09:33.706010s
S: END_OF_FILE
S: MD5Hash 683ee13b3d8bc0d38c73d6192f835be1
C2: FILE_OK
C2: Transfered in 0:09:33.929671s
S: END_OF_FILE
S: MD5Hash 683ee13b3d8bc0d38c73d6192f835be1
C1: FILE_OK
C1: Transfered in 0:09:34.123590s
S: END_OF_FILE
S: MD5Hash 683ee13b3d8bc0d38c73d6192f835be1
C5: FILE_OK
C5: Transfered in 0:09:34.906280s
S: END_OF_FILE
S: MD5Hash 683ee13b3d8bc0d38c73d6192f835be1
C7: FILE_OK
C7: Transfered in 0:09:35.564987s
S: END_OF_FILE
S: MD5Hash 683ee13b3d8bc0d38c73d6192f835be1
C8: FILE_OK
C8: Transfered in 0:09:43.865623s
S: END_OF_FILE
S: MD5Hash 683ee13b3d8bc0d38c73d6192f835be1
C4: FILE_OK
C4: Transfered in 0:09:53.674825s
S: END_OF_FILE
S: MD5Hash 683ee13b3d8bc0d38c73d6192f835be1
C6: FILE_OK
C6: Transfered in 0:09:55.472747s
S: Transfered in 0:09:56.130854s
