Server listening....
Server adopted connection #1
C1: Connection started at 2018-11-15 15:07:26.294113
Server adopted connection #2
C1: STATUS_OK
S: Sending InfinityWar.mp4 to C1 with IP 157.253.205.15 and port 50683
Server adopted connection #3
C2: Connection started at 2018-11-15 15:07:26.309792
C2: STATUS_OK
C3: Connection started at 2018-11-15 15:07:27.314059
Server adopted connection #4
C3: STATUS_OK
S: Sending InfinityWar.mp4 to C2 with IP 157.253.205.25 and port 62833
S: Sending InfinityWar.mp4 to C3 with IP 157.253.205.35 and port 51080
Server adopted connection #5
C4: Connection started at 2018-11-15 15:07:27.317148
C4: STATUS_OK
S: Sending InfinityWar.mp4 to C4 with IP 157.253.205.14 and port 64975
Server adopted connection #6
C5: Connection started at 2018-11-15 15:07:27.328926
C6: Connection started at 2018-11-15 15:07:27.335048
Server adopted connection #7
C6: STATUS_OK
S: Sending InfinityWar.mp4 to C6 with IP 157.253.205.13 and port 52027
C5: STATUS_OK
S: Sending InfinityWar.mp4 to C5 with IP 157.253.205.47 and port 50388
C7: Connection started at 2018-11-15 15:07:27.337776
Server adopted connection #8
C7: STATUS_OK
S: Sending InfinityWar.mp4 to C7 with IP 157.253.205.38 and port 50217
C8: Connection started at 2018-11-15 15:07:27.342284
Server adopted connection #9
Server adopted connection #10
C9: Connection started at 2018-11-15 15:07:27.346483
C8: STATUS_OK
C9: STATUS_OK
S: Sending InfinityWar.mp4 to C9 with IP 157.253.205.12 and port 50263
S: Sending InfinityWar.mp4 to C8 with IP 157.253.205.46 and port 50639
C10: Connection started at 2018-11-15 15:07:27.354000
C10: STATUS_OK
S: Sending InfinityWar.mp4 to C10 with IP 157.253.205.16 and port 50266
S: END_OF_FILE
S: MD5Hash 683ee13b3d8bc0d38c73d6192f835be1
C8: FILE_OK
C8: Transfered in 0:05:31.961108s
S: END_OF_FILE
S: MD5Hash 683ee13b3d8bc0d38c73d6192f835be1
C7: FILE_OK
C7: Transfered in 0:06:50.357263s
S: END_OF_FILE
S: MD5Hash 683ee13b3d8bc0d38c73d6192f835be1
C1: FILE_OK
C1: Transfered in 0:06:59.131678s
S: END_OF_FILE
S: MD5Hash 683ee13b3d8bc0d38c73d6192f835be1
C4: FILE_OK
C4: Transfered in 0:06:58.293067s
S: END_OF_FILE
S: MD5Hash 683ee13b3d8bc0d38c73d6192f835be1
C2: FILE_OK
C2: Transfered in 0:07:02.296992s
S: END_OF_FILE
S: MD5Hash 683ee13b3d8bc0d38c73d6192f835be1
C9: FILE_OK
C9: Transfered in 0:07:01.932008s
S: END_OF_FILE
S: MD5Hash 683ee13b3d8bc0d38c73d6192f835be1
C5: FILE_OK
C5: Transfered in 0:07:02.162912s
S: END_OF_FILE
S: MD5Hash 683ee13b3d8bc0d38c73d6192f835be1
C3: FILE_OK
C3: Transfered in 0:07:04.158451s
S: END_OF_FILE
S: MD5Hash 683ee13b3d8bc0d38c73d6192f835be1
C6: FILE_OK
C6: Transfered in 0:07:04.602057s
S: END_OF_FILE
S: MD5Hash 683ee13b3d8bc0d38c73d6192f835be1
C10: FILE_OK
C10: Transfered in 0:07:04.753437s
S: Transfered in 0:07:05.814608s
